Build started 9/24/2014 1:51:27 PM.
     1>Project "C:\Dev\Projects\EnvironmentSimulation\EnvironmentSimulation\EnvironmentSimulation.vcxproj" on node 2 (Build target(s)).
     1>FxCompile:
         C:\Program Files (x86)\Windows Kits\8.1\bin\x86\fxc.exe /nologo /E"main" /T ps_4_0_level_9_1 /Fo "C:\Dev\Projects\EnvironmentSimulation\Debug\TexturedDiffuse.cso" /Od /Zi TexturedDiffuse.hlsl 
     1>C:\Dev\Projects\EnvironmentSimulation\EnvironmentSimulation\TexturedDiffuse.hlsl(14,9-66): error X3013: 'lerp': no matching 2 parameter intrinsic function
     1>C:\Dev\Projects\EnvironmentSimulation\EnvironmentSimulation\TexturedDiffuse.hlsl(14,9-66): error X3013: Possible intrinsic functions are:
     1>C:\Dev\Projects\EnvironmentSimulation\EnvironmentSimulation\TexturedDiffuse.hlsl(14,9-66): error X3013: lerp(float|half|min10float|min16float, float|half|min10float|min16float, float|half|min10float|min16float)
         
         compilation failed; no code produced
     1>Done Building Project "C:\Dev\Projects\EnvironmentSimulation\EnvironmentSimulation\EnvironmentSimulation.vcxproj" (Build target(s)) -- FAILED.

Build FAILED.

Time Elapsed 00:00:00.09
